#
# There is insufficient memory for the Java Runtime Environment to continue.
# Native memory allocation (mmap) failed to map 264241152 bytes for Failed to commit area from 0x0000000704000000 to 0x0000000713c00000 of length 264241152.
# Possible reasons:
#   The system is out of physical RAM or swap space
#   The process is running with CompressedOops enabled, and the Java Heap may be blocking the growth of the native heap
# Possible solutions:
#   Reduce memory load on the system
#   Increase physical memory or swap space
#   Check if swap backing store is full
#   Decrease Java heap size (-Xmx/-Xms)
#   Decrease number of Java threads
#   Decrease Java thread stack sizes (-Xss)
#   Set larger code cache with -XX:ReservedCodeCacheSize=
# This output file may be truncated or incomplete.
#
#  Out of Memory Error (./open/src/hotspot/os/windows/os_windows.cpp:3293), pid=13672, tid=29272
#
# JRE version:  (11.0.20+9) (build )
# Java VM: Java HotSpot(TM) 64-Bit Server VM (11.0.20+9-LTS-256, mixed mode, sharing, tiered, compressed oops, g1 gc, windows-amd64)
# No core dump will be written. Minidumps are not enabled by default on client versions of Windows
#

---------------  S U M M A R Y ------------

Command Line: 

Host: 11th Gen Intel(R) Core(TM) i7-11800H @ 2.30GHz, 16 cores, 15G,  Windows 10 , 64 bit Build 19041 (10.0.19041.3155)
Time: Wed Aug 16 16:06:42 2023  Windows 10 , 64 bit Build 19041 (10.0.19041.3155) elapsed time: 0.011531 seconds (0d 0h 0m 0s)

---------------  T H R E A D  ---------------

Current thread (0x0000019a05675000):  JavaThread "Unknown thread" [_thread_in_vm, id=29272, stack(0x0000004812300000,0x0000004812400000)]

Stack: [0x0000004812300000,0x0000004812400000]
Native frames: (J=compiled Java code, j=interpreted, Vv=VM code, C=native code)
V  [jvm.dll+0x6602ba]
V  [jvm.dll+0x7a32af]
V  [jvm.dll+0x7a4979]
V  [jvm.dll+0x7a5013]
V  [jvm.dll+0x258ef5]
V  [jvm.dll+0x65d619]
V  [jvm.dll+0x652375]
V  [jvm.dll+0x31359d]
V  [jvm.dll+0x313402]
V  [jvm.dll+0x318036]
V  [jvm.dll+0x360130]
V  [jvm.dll+0x35fba2]
V  [jvm.dll+0x2eec28]
V  [jvm.dll+0x2efd35]
V  [jvm.dll+0x77c327]
V  [jvm.dll+0x77dc0f]
V  [jvm.dll+0x36d3d9]
V  [jvm.dll+0x760d0f]
V  [jvm.dll+0x3df467]
V  [jvm.dll+0x3e1511]
C  [jli.dll+0x52e7]
C  [ucrtbase.dll+0x21bb2]
C  [KERNEL32.DLL+0x17614]
C  [ntdll.dll+0x526b1]


---------------  P R O C E S S  ---------------

Threads class SMR info:
_java_thread_list=0x0000019a053b8f50, length=0, elements={
}

Java Threads: ( => current thread )

Other Threads:
  0x0000019a0568b000 GCTaskThread "GC Thread#0" [stack: 0x0000004812400000,0x0000004812500000] [id=27464]
  0x0000019a056e7000 ConcurrentGCThread "G1 Main Marker" [stack: 0x0000004812500000,0x0000004812600000] [id=3192]
  0x0000019a056e8800 ConcurrentGCThread "G1 Conc#0" [stack: 0x0000004812600000,0x0000004812700000] [id=1972]

[error occurred during error reporting (printing all threads), id 0xc0000005, EXCEPTION_ACCESS_VIOLATION (0xc0000005) at pc=0x00007ffb5261f6e7]

VM state:not at safepoint (not fully initialized)

VM Mutex/Monitor currently owned by a thread:  ([mutex/lock_event])
[0x0000019a05673750] Heap_lock - owner thread: 0x0000019a05675000

Heap address: 0x0000000704000000, size: 4032 MB, Compressed Oops mode: Non-zero based: 0x0000000704000000
Narrow klass base: 0x0000000000000000, Narrow klass shift: 0

GC Heap History (0 events):
No events

Deoptimization events (0 events):
No events

Classes redefined (0 events):
No events

Internal exceptions (0 events):
No events

Events (0 events):
No events


Dynamic libraries:
0x00007ff7d1a30000 - 0x00007ff7d1a40000 	C:\Program Files\Java\jdk-11\bin\java.exe
0x00007ffc50f70000 - 0x00007ffc51168000 	C:\Windows\SYSTEM32\ntdll.dll
0x00007ffc50a20000 - 0x00007ffc50adf000 	C:\Windows\System32\KERNEL32.DLL
0x00007ffc4ecd0000 - 0x00007ffc4efc6000 	C:\Windows\System32\KERNELBASE.dll
0x00007ffc4e710000 - 0x00007ffc4e810000 	C:\Windows\System32\ucrtbase.dll
0x00007ffc41780000 - 0x00007ffc41799000 	C:\Program Files\Java\jdk-11\bin\jli.dll
0x00007ffc37a80000 - 0x00007ffc37a9b000 	C:\Program Files\Java\jdk-11\bin\VCRUNTIME140.dll
0x00007ffc50910000 - 0x00007ffc509bf000 	C:\Windows\System32\ADVAPI32.dll
0x00007ffc50390000 - 0x00007ffc5042e000 	C:\Windows\System32\msvcrt.dll
0x00007ffc50430000 - 0x00007ffc504cc000 	C:\Windows\System32\sechost.dll
0x00007ffc4f230000 - 0x00007ffc4f356000 	C:\Windows\System32\RPCRT4.dll
0x00007ffc50590000 - 0x00007ffc5072d000 	C:\Windows\System32\USER32.dll
0x00007ffc4e6e0000 - 0x00007ffc4e702000 	C:\Windows\System32\win32u.dll
0x00007ffc334c0000 - 0x00007ffc3375a000 	C:\Windows\WinSxS\amd64_microsoft.windows.common-controls_6595b64144ccf1df_6.0.19041.1110_none_60b5254171f9507e\COMCTL32.dll
0x00007ffc4f110000 - 0x00007ffc4f13c000 	C:\Windows\System32\GDI32.dll
0x00007ffc4e970000 - 0x00007ffc4ea85000 	C:\Windows\System32\gdi32full.dll
0x00007ffc4ea90000 - 0x00007ffc4eb2d000 	C:\Windows\System32\msvcp_win.dll
0x00007ffc41b80000 - 0x00007ffc41b8a000 	C:\Windows\SYSTEM32\VERSION.dll
0x00007ffc508e0000 - 0x00007ffc50910000 	C:\Windows\System32\IMM32.DLL
0x00007ffc418e0000 - 0x00007ffc418ec000 	C:\Program Files\Java\jdk-11\bin\vcruntime140_1.dll
0x00007ffc08cb0000 - 0x00007ffc08d3e000 	C:\Program Files\Java\jdk-11\bin\msvcp140.dll
0x00007ffb52320000 - 0x00007ffb52e8d000 	C:\Program Files\Java\jdk-11\bin\server\jvm.dll
0x00007ffc50580000 - 0x00007ffc50588000 	C:\Windows\System32\PSAPI.DLL
0x00007ffc34d80000 - 0x00007ffc34da7000 	C:\Windows\SYSTEM32\WINMM.dll
0x00007ffc228c0000 - 0x00007ffc228c9000 	C:\Windows\SYSTEM32\WSOCK32.dll
0x00007ffc4f0a0000 - 0x00007ffc4f10b000 	C:\Windows\System32\WS2_32.dll
0x00007ffc4ce80000 - 0x00007ffc4ce92000 	C:\Windows\SYSTEM32\kernel.appcore.dll
0x00007ffc41870000 - 0x00007ffc41880000 	C:\Program Files\Java\jdk-11\bin\verify.dll
0x00007ffc4c260000 - 0x00007ffc4c444000 	C:\Windows\SYSTEM32\DBGHELP.DLL
0x00007ffc3fd40000 - 0x00007ffc3fd74000 	C:\Windows\SYSTEM32\dbgcore.DLL
0x00007ffc4e650000 - 0x00007ffc4e6d2000 	C:\Windows\System32\bcryptPrimitives.dll
0x00007ffc35ff0000 - 0x00007ffc36018000 	C:\Program Files\Java\jdk-11\bin\java.dll
0x00007ffc37a00000 - 0x00007ffc37a0a000 	C:\Program Files\Java\jdk-11\bin\jimage.dll
0x00007ffc1ee40000 - 0x00007ffc1ee57000 	C:\Program Files\Java\jdk-11\bin\zip.dll

dbghelp: loaded successfully - version: 4.0.5 - missing functions: none
symbol engine: initialized successfully - sym options: 0x614 - pdb path: .;C:\Program Files\Java\jdk-11\bin;C:\Windows\SYSTEM32;C:\Windows\WinSxS\amd64_microsoft.windows.common-controls_6595b64144ccf1df_6.0.19041.1110_none_60b5254171f9507e;C:\Program Files\Java\jdk-11\bin\server

VM Arguments:
java_command: <unknown>
java_class_path (initial): <not set>
Launcher Type: SUN_STANDARD

[Global flags]
     intx CICompilerCount                          = 12                                        {product} {ergonomic}
     uint ConcGCThreads                            = 3                                         {product} {ergonomic}
     uint G1ConcRefinementThreads                  = 13                                        {product} {ergonomic}
   size_t G1HeapRegionSize                         = 1048576                                   {product} {ergonomic}
    uintx GCDrainStackTargetSize                   = 64                                        {product} {ergonomic}
   size_t InitialHeapSize                          = 264241152                                 {product} {ergonomic}
   size_t MarkStackSize                            = 4194304                                   {product} {ergonomic}
   size_t MaxHeapSize                              = 4227858432                                {product} {ergonomic}
   size_t MinHeapDeltaBytes                        = 1048576                                   {product} {ergonomic}
    uintx NonNMethodCodeHeapSize                   = 7594288                                {pd product} {ergonomic}
    uintx NonProfiledCodeHeapSize                  = 122031976                              {pd product} {ergonomic}
    uintx ProfiledCodeHeapSize                     = 122031976                              {pd product} {ergonomic}
    uintx ReservedCodeCacheSize                    = 251658240                              {pd product} {ergonomic}
     bool SegmentedCodeCache                       = true                                      {product} {ergonomic}
     bool UseCompressedClassPointers               = true                                 {lp64_product} {ergonomic}
     bool UseCompressedOops                        = true                                 {lp64_product} {ergonomic}
     bool UseG1GC                                  = true                                      {product} {ergonomic}
     bool UseLargePagesIndividualAllocation        = false                                  {pd product} {ergonomic}

Logging:
Log output configuration:
 #0: stdout all=warning uptime,level,tags
 #1: stderr all=off uptime,level,tags

Environment Variables:
PATH=E:\ÏµÍ³»º´æ\yarn--1692173188618-0.7921380950919545;C:\Users\admin\TerminalProject\node_modules\.bin;C:\Users\admin\AppData\Local\Yarn\Data\link\node_modules\.bin;C:\Program Files\nodejs\node_global\bin;C:\Program Files\libexec\lib\node_modules\npm\bin\node-gyp-bin;C:\Program Files\lib\node_modules\npm\bin\node-gyp-bin;C:\Program Files\nodejs\node_modules\npm\bin\node-gyp-bin;C:\Program Files\Common Files\Oracle\Java\javapath;D:\app\Python3.7.5\Scripts\;D:\app\Python3.7.5\;D:\Virtual Machine\bin\;C:\Program Files\PlasticSCM5\server;C:\Program Files\PlasticSCM5\client;C:\Program Files (x86)\Common Files\Oracle\Java\javapath;C:\Windows\system32;C:\Windows;C:\Windows\System32\Wbem;C:\Windows\System32\WindowsPowerShell\v1.0\;C:\Windows\System32\OpenSSH\;C:\Program Files (x86)\NVIDIA Corporation\PhysX\Common;C:\Program Files\NVIDIA Corporation\NVIDIA NvDLISR;C:\Program Files\Microsoft SQL Server\130\Tools\Binn\;C:\Program Files\dotnet\;C:\Program Files\nodejs;E:\mysql-8.0.31-winx64\bin;D:\app\Qt\5.14.2\mingw73_64\bin;D:\app\Qt\Tools\mingw730_64\bin;D:\app\OpenCV\opencv_4.1.1_build_qt\x64\mingw\bin;C:\Program Files (x86)\ZeroTier\One\;C:\Program Files\Git\cmd;D:\app\Android SDK\platform-tools;D:\app\Android SDK\emulator;D:\app\Android SDK\tools;D:\app\Android SDK\tools\bin;D:\app\Android SDK\platform-tools\;C:\Program Files\nodejs\node_global;C:\Program Files\nodejs\node_global\react-native.cmd;C:\Users\admin\AppData\Local\Microsoft\WindowsApps;D:\app\Python\pycharm\professional\PyCharm 2019.3\bin;;C:\Program Files\JetBrains\IntelliJ IDEA Educational Edition 2022.2\bin;;C:\Users\admin\AppData\Local\Programs\Microsoft VS Code\bin;C:\Users\admin\AppData\Roaming\npm;C:\Users\admin\AppData\Local\GitHubDesktop\bin;C:\Users\admin\TerminalProject\node_modules\.bin
USERNAME=admin
OS=Windows_NT
PROCESSOR_IDENTIFIER=Intel64 Family 6 Model 141 Stepping 1, GenuineIntel



---------------  S Y S T E M  ---------------

OS: Windows 10 , 64 bit Build 19041 (10.0.19041.3155)

CPU:total 16 (initial active 16) (8 cores per cpu, 2 threads per core) family 6 model 141 stepping 1 microcode 0x3e, cmov, cx8, fxsr, mmx, sse, sse2, sse3, ssse3, sse4.1, sse4.2, popcnt, avx, avx2, aes, clmul, erms, 3dnowpref, lzcnt, ht, tsc, tscinvbit, bmi1, bmi2, adx, evex, sha, fma

Memory: 4k page, system-wide physical 16126M (708M free)
TotalPageFile size 40897M (AvailPageFile size 245M)
current process WorkingSet (physical memory assigned to process): 11M, peak: 11M
current process commit charge ("private bytes"): 71M, peak: 323M

vm_info: Java HotSpot(TM) 64-Bit Server VM (11.0.20+9-LTS-256) for windows-amd64 JRE (11.0.20+9-LTS-256), built on Jun 14 2023 10:34:22 by "mach5one" with MS VC++ 17.1 (VS2022)

END.
